build/app/outputs/mapping/release/seeds.txt
com.example.notes.MainActivity
com.example.notes.MainActivity: MainActivity()
...
kotlinx.coroutines.DefaultExecutor: java.lang.Thread _thread
io.flutter.embedding.engine.FlutterJNI: io.flutter.embedding.engine.FlutterJNI$AccessibilityDelegate accessibilityDelegate
kotlinx.coroutines.scheduling.CoroutineScheduler$Worker: java.lang.Object nextParkedWorker
io.flutter.view.AccessibilityViewEmbedder: java.util.Map originToFlutterId
io.flutter.embedding.engine.FlutterJNI: io.flutter.embedding.engine.deferredcomponents.DeferredComponentManager deferredComponentManager
io.flutter.embedding.engine.renderer.FlutterRenderer$ImageTextureRegistryEntry: io.flutter.embedding.engine.renderer.FlutterRenderer this$0
io.flutter.embedding.engine.renderer.FlutterRenderer$ImageTextureRegistryEntry: boolean ignoringFence
kotlinx.coroutines.internal.LockFreeLinkedListNode: java.lang.Object _next
kotlinx.coroutines.internal.LockFreeLinkedListNode: java.lang.Object _removedRef
io.flutter.embedding.engine.renderer.FlutterRenderer$ImageReaderSurfaceProducer: io.flutter.embedding.engine.renderer.FlutterRenderer this$0
kotlinx.coroutines.scheduling.CoroutineScheduler: int _isTerminated
io.flutter.embedding.engine.FlutterJNI: java.lang.String vmServiceUri
io.flutter.plugin.platform.SingleViewPresentation: int viewId
androidx.concurrent.futures.AbstractResolvableFuture: java.lang.Object value
kotlinx.coroutines.JobSupport$Finishing: java.lang.Object _exceptionsHolder
io.flutter.view.AccessibilityViewEmbedder: java.util.Map embeddedViewToDisplayBounds
kotlinx.coroutines.JobSupport$Finishing: java.lang.Object _rootCause
io.flutter.embedding.engine.FlutterJNI: float displayHeight
io.flutter.embedding.engine.renderer.FlutterRenderer$ImageReaderSurfaceProducer: int requestedWidth
io.flutter.embedding.engine.renderer.FlutterRenderer$ImageReaderSurfaceProducer: io.flutter.embedding.engine.renderer.FlutterRenderer$ImageReaderSurfaceProducer$PerImageReader lastReaderDequeuedFrom
io.flutter.view.AccessibilityViewEmbedder: io.flutter.view.AccessibilityViewEmbedder$ReflectionAccessors reflectionAccessors
io.flutter.embedding.engine.renderer.SurfaceTextureWrapper: android.graphics.SurfaceTexture surfaceTexture
io.flutter.embedding.engine.FlutterJNI: io.flutter.plugin.platform.PlatformViewsController platformViewsController
androidx.lifecycle.Lifecycle$Event: androidx.lifecycle.Lifecycle$Event$Companion Companion
kotlinx.coroutines.channels.BufferedChannel: long sendersAndCloseStatus
kotlinx.coroutines.internal.LockFreeTaskQueue: java.lang.Object _cur
io.flutter.embedding.engine.FlutterJNI: float displayWidth
io.flutter.plugin.platform.SingleViewPresentation: io.flutter.plugin.platform.AccessibilityEventsDelegate accessibilityEventsDelegate
io.flutter.embedding.engine.renderer.FlutterRenderer$ImageReaderSurfaceProducer: boolean createNewReader
kotlinx.coroutines.DefaultExecutor: int debugStatus
androidx.concurrent.futures.AbstractResolvableFuture$Waiter: java.lang.Thread thread
io.flutter.embedding.engine.renderer.FlutterRenderer$ImageReaderSurfaceProducer: boolean VERBOSE_LOGS
kotlinx.coroutines.JobSupport: java.lang.Object _parentHandle
io.flutter.embedding.engine.FlutterJNI: io.flutter.embedding.engine.dart.PlatformMessageHandler platformMessageHandler
kotlinx.coroutines.channels.BufferedChannel: java.lang.Object bufferEndSegment
io.flutter.embedding.engine.FlutterJNI: java.lang.String TAG
io.flutter.plugins.GeneratedPluginRegistrant: java.lang.String TAG
io.flutter.embedding.engine.renderer.FlutterRenderer$ImageTextureRegistryEntry: android.media.Image image
kotlinx.coroutines.channels.BufferedChannel: java.lang.Object receiveSegment
io.flutter.plugin.platform.SingleViewPresentation: java.lang.String TAG
kotlinx.coroutines.CancellableContinuationImpl: int _decisionAndIndex
kotlinx.coroutines.EventLoopImplBase: int _isCompleted
androidx.lifecycle.Lifecycle$Event: androidx.lifecycle.Lifecycle$Event ON_START
io.flutter.embedding.engine.FlutterJNI: float refreshRateFPS