build/app/outputs/mapping/release/mapping.txt
# compiler: R8
# compiler_version: 8.1.56
# min_api: 21
# common_typos_disable
# {"id":"com.android.tools.r8.mapping","version":"2.2"}
# pg_map_id: 8b37305
# pg_map_hash: SHA-256 8b37305542427cab209ae2a87af607e33909b6928bbd416bc26b3fd52f203e93
com.example.notes.MainActivity -> com.example.notes.MainActivity:
    boolean io.flutter.embedding.android.FlutterActivity.hasRegisteredBackCallback -> a
    io.flutter.embedding.android.FlutterActivityAndFragmentDelegate io.flutter.embedding.android.FlutterActivity.delegate -> b
    androidx.lifecycle.LifecycleRegistry io.flutter.embedding.android.FlutterActivity.lifecycle -> c
    android.window.OnBackInvokedCallback io.flutter.embedding.android.FlutterActivity.onBackInvokedCallback -> d
    int io.flutter.embedding.android.FlutterActivity.FLUTTER_VIEW_ID -> e
    1:1:void io.flutter.embedding.android.FlutterActivity.<clinit>():0:0 -> <clinit>
    1:18:void io.flutter.embedding.android.FlutterActivity.<init>():0:0 -> <init>
    1:18:void <init>():0 -> <init>
    19:29:android.window.OnBackInvokedCallback io.flutter.embedding.android.FlutterActivity.createOnBackInvokedCallback():0:0 -> <init>
    19:29:void io.flutter.embedding.android.FlutterActivity.<init>():0 -> <init>
    19:29:void <init>():0 -> <init>
    30:39:void io.flutter.embedding.android.FlutterActivity.<init>():0:0 -> <init>
    30:39:void <init>():0 -> <init>
    3:10:void io.flutter.embedding.android.FlutterActivity.updateBackGestureProgress(android.window.BackEvent):0:0 -> A
    3:10:void updateBackGestureProgress(android.window.BackEvent):0 -> A
      # {"id":"com.android.tools.r8.synthesized"}
...
androidx.concurrent.futures.AbstractResolvableFuture$SynchronizedHelper -> e.e:
    1:1:void <init>():0:0 -> <init>
    1:1:void putThread(androidx.concurrent.futures.AbstractResolvableFuture$Waiter,java.lang.Thread):0:0 -> A
      # {"id":"com.android.tools.r8.residualsignature","signature":"(Le/f;Ljava/lang/Thread;)V"}
    1:18:boolean casListeners(androidx.concurrent.futures.AbstractResolvableFuture,androidx.concurrent.futures.AbstractResolvableFuture$Listener,androidx.concurrent.futures.AbstractResolvableFuture$Listener):0:0 -> e
      # {"id":"com.android.tools.r8.residualsignature","signature":"(Le/g;Le/c;)Z"}
    1:1:boolean casValue(androidx.concurrent.futures.AbstractResolvableFuture,java.lang.Object,java.lang.Object):0:0 -> f
      # {"id":"com.android.tools.r8.residualsignature","signature":"(Le/g;Ljava/lang/Object;Ljava/lang/Object;)Z"}
    1:1:boolean casWaiters(androidx.concurrent.futures.AbstractResolvableFuture,androidx.concurrent.futures.AbstractResolvableFuture$Waiter,androidx.concurrent.futures.AbstractResolvableFuture$Waiter):0:0 -> g
      # {"id":"com.android.tools.r8.residualsignature","signature":"(Le/g;Le/f;Le/f;)Z"}
    1:1:void putNext(androidx.concurrent.futures.AbstractResolvableFuture$Waiter,androidx.concurrent.futures.AbstractResolvableFuture$Waiter):0:0 -> z
      # {"id":"com.android.tools.r8.residualsignature","signature":"(Le/f;Le/f;)V"}
androidx.concurrent.futures.AbstractResolvableFuture$Waiter -> e.f:
    java.lang.Thread thread -> a
    androidx.concurrent.futures.AbstractResolvableFuture$Waiter next -> b
    androidx.concurrent.futures.AbstractResolvableFuture$Waiter TOMBSTONE -> c
    1:1:void <clinit>():0:0 -> <clinit>
    1:1:void <init>():0:0 -> <init>
    void <init>(boolean) -> <init>
      # {"id":"com.android.tools.r8.residualsignature","signature":"(I)V"}
androidx.concurrent.futures.ResolvableFuture -> e.h:
androidx.core.app.RemoteActionCompat -> androidx.core.app.RemoteActionCompat:
    androidx.core.graphics.drawable.IconCompat mIcon -> a
    java.lang.CharSequence mTitle -> b
    java.lang.CharSequence mContentDescription -> c
    android.app.PendingIntent mActionIntent -> d
    boolean mEnabled -> e
    boolean mShouldShowIcon -> f
androidx.core.app.RemoteActionCompatParcelizer -> androidx.core.app.RemoteActionCompatParcelizer:
    9:15:androidx.versionedparcelable.VersionedParcelable androidx.versionedparcelable.VersionedParcel.readVersionedParcelable(androidx.versionedparcelable.VersionedParcelable,int):0:0 -> read
    9:15:androidx.core.app.RemoteActionCompat read(androidx.versionedparcelable.VersionedParcel):0 -> read
      # {"id":"com.android.tools.r8.rewriteFrame","conditions":["throws(Ljava/lang/NullPointerException;)"],"actions":["removeInnerFrames(1)"]}
      # {"id":"com.android.tools.r8.residualsignature","signature":"(Lp/b;)Landroidx/core/app/RemoteActionCompat;"}
    16:19:androidx.versionedparcelable.VersionedParcelable androidx.versionedparcelable.VersionedParcel.readVersionedParcelable(androidx.versionedparcelable.VersionedParcelable,int):0:0 -> read
    16:19:androidx.core.app.RemoteActionCompat read(androidx.versionedparcelable.VersionedParcel):0 -> read
    20:26:androidx.core.app.RemoteActionCompat read(androidx.versionedparcelable.VersionedParcel):0:0 -> read
    27:36:java.lang.CharSequence androidx.versionedparcelable.VersionedParcel.readCharSequence(java.lang.CharSequence,int):0:0 -> read
    27:36:androidx.core.app.RemoteActionCompat read(androidx.versionedparcelable.VersionedParcel):0 -> read
    37:46:java.lang.CharSequence androidx.versionedparcelable.VersionedParcelParcel.readCharSequence():0:0 -> read
androidx.core.content.ContextCompat$Api28Impl -> f.a:
    1:1:java.util.concurrent.Executor getMainExecutor(android.content.Context):0:0 -> a