build/app/outputs/mapping/release/usage.txt
com.example.notes.R$drawable
com.example.notes.R$mipmap
com.example.notes.R$style
com.example.notes.R
com.example.notes.MainActivity:
    private static void $r8$constructor$io$flutter$embedding$android$FlutterActivity()
    public final synthetic bridge boolean attachToEngineAutomatically()
    public static boolean attachToEngineAutomatically$io$flutter$embedding$android$FlutterActivity()
    public static void cancelBackGesture()
    public static void cancelBackGesture$io$flutter$embedding$android$FlutterActivity()
    public final synthetic bridge void cleanUpFlutterEngine()
    public static void cleanUpFlutterEngine$io$flutter$embedding$android$FlutterActivity()
    public static void commitBackGesture()
    public static void commitBackGesture$io$flutter$embedding$android$FlutterActivity()
    public final void configureFlutterEngine()
    public static void configureFlutterEngine$io$flutter$embedding$android$FlutterActivity()
    public static void configureStatusBarForFullscreenFlutterExperience()
    public static void configureStatusBarForFullscreenFlutterExperience$io$flutter$embedding$android$FlutterActivity()
    public static void configureWindowForTransparency()
    public static void configureWindowForTransparency$io$flutter$embedding$android$FlutterActivity()
    public static android.view.View createFlutterView()
    public static android.view.View createFlutterView$io$flutter$embedding$android$FlutterActivity()
    public static android.window.OnBackInvokedCallback createOnBackInvokedCallback()
...
androidx.lifecycle.Lifecycling:
    private static final int GENERATED_CALLBACK
    private static final int REFLECTIVE_CALLBACK
androidx.lifecycle.LiveData$1
androidx.lifecycle.LiveData$AlwaysActiveObserver
androidx.lifecycle.LiveData$LifecycleBoundObserver
androidx.lifecycle.LiveData$ObserverWrapper
androidx.lifecycle.LiveData
androidx.lifecycle.LiveDataKt$observe$wrappedObserver$1
androidx.lifecycle.LiveDataKt
androidx.lifecycle.LiveDataScope
androidx.lifecycle.LiveDataScopeImpl$emit$2
androidx.lifecycle.LiveDataScopeImpl$emitSource$2
androidx.lifecycle.LiveDataScopeImpl
androidx.lifecycle.MediatorLiveData$Source
androidx.lifecycle.MediatorLiveData
androidx.lifecycle.MethodCallsLogger:
    public boolean approveCall(java.lang.String,int)
androidx.lifecycle.MutableLiveData
androidx.lifecycle.Observer
androidx.lifecycle.PausingDispatcher
androidx.lifecycle.PausingDispatcherKt$whenStateAtLeast$2
androidx.lifecycle.PausingDispatcherKt
androidx.lifecycle.ProcessLifecycleOwner$Companion:
    public static synthetic void getTIMEOUT_MS$lifecycle_process_release$annotations()
androidx.lifecycle.ProcessLifecycleOwner:
    public static final long TIMEOUT_MS
    public static final void init$lifecycle_process_release(android.content.Context)
androidx.lifecycle.ReportFragment$Companion:
    public static synthetic void get$annotations(android.app.Activity)
androidx.lifecycle.ReportFragment:
    private static final java.lang.String REPORT_FRAGMENT_TAG
    public static final void dispatch$lifecycle_runtime_release(android.app.Activity,androidx.lifecycle.Lifecycle$Event)
    public static final androidx.lifecycle.ReportFragment get(android.app.Activity)
    public static final void injectIfNeededIn(android.app.Activity)
androidx.lifecycle.SavedStateHandle$Companion
androidx.lifecycle.SavedStateHandle$SavingStateLiveData
androidx.lifecycle.SavedStateHandle
androidx.lifecycle.SavedStateHandleAttacher
androidx.lifecycle.SavedStateHandleController
androidx.lifecycle.SavedStateHandleSupport$DEFAULT_ARGS_KEY$1
androidx.lifecycle.SavedStateHandleSupport$SAVED_STATE_REGISTRY_OWNER_KEY$1
androidx.lifecycle.SavedStateHandleSupport$VIEW_MODEL_STORE_OWNER_KEY$1
androidx.lifecycle.SavedStateHandleSupport$savedStateHandlesVM$1
androidx.lifecycle.SavedStateHandleSupport
androidx.lifecycle.SavedStateHandlesProvider$viewModel$2
androidx.lifecycle.SavedStateHandlesProvider
androidx.lifecycle.SavedStateHandlesVM
androidx.lifecycle.SavedStateViewModelFactory
androidx.lifecycle.SavedStateViewModelFactoryKt
androidx.lifecycle.Transformations$distinctUntilChanged$1
androidx.lifecycle.Transformations$map$1
androidx.lifecycle.Transformations$map$2
androidx.lifecycle.Transformations$sam$androidx_lifecycle_Observer$0
androidx.lifecycle.Transformations$switchMap$1$1
androidx.lifecycle.Transformations$switchMap$1
androidx.lifecycle.Transformations$switchMap$2$onChanged$1
androidx.lifecycle.Transformations$switchMap$2
androidx.lifecycle.Transformations
androidx.lifecycle.ViewModel
androidx.lifecycle.ViewModelLazy$1
androidx.lifecycle.ViewModelLazy
androidx.lifecycle.ViewModelProvider$AndroidViewModelFactory$Companion$ApplicationKeyImpl
androidx.lifecycle.ViewModelProvider$AndroidViewModelFactory$Companion
androidx.lifecycle.ViewModelProvider$AndroidViewModelFactory
androidx.lifecycle.ViewModelProvider$Factory$Companion
androidx.lifecycle.ViewModelProvider$Factory
androidx.lifecycle.ViewModelProvider$NewInstanceFactory$Companion$ViewModelKeyImpl
androidx.lifecycle.ViewModelProvider$NewInstanceFactory$Companion
androidx.lifecycle.ViewModelProvider$NewInstanceFactory
androidx.lifecycle.ViewModelProvider$OnRequeryFactory
androidx.lifecycle.ViewModelProvider
androidx.lifecycle.ViewModelProviderGetKt
androidx.lifecycle.ViewModelStore
androidx.lifecycle.ViewModelStoreOwner
androidx.lifecycle.ViewTreeLifecycleOwner$findViewTreeLifecycleOwner$1
androidx.lifecycle.ViewTreeLifecycleOwner$findViewTreeLifecycleOwner$2
androidx.lifecycle.ViewTreeLifecycleOwner